2021-07-22 21:03:37 [INFO] - Neither @ContextConfiguration nor @ContextHierarchy found for test class [org.finance.quant.digital.test.StrategyTest], using SpringBootContextLoader
2021-07-22 21:03:37 [INFO] - Could not detect default resource locations for test class [org.finance.quant.digital.test.StrategyTest]: no resource found for suffixes {-context.xml, Context.groovy}.
2021-07-22 21:03:37 [INFO] - Could not detect default configuration classes for test class [org.finance.quant.digital.test.StrategyTest]: StrategyTest does not declare any static, non-private, non-final, nested classes annotated with @Configuration.
2021-07-22 21:03:37 [INFO] - Found @SpringBootConfiguration org.finance.quant.digital.BootstrapApplication for test class org.finance.quant.digital.test.StrategyTest
2021-07-22 21:03:37 [INFO] - Loaded default TestExecutionListener class names from location [META-INF/spring.factories]: [org.springframework.boot.test.mock.mockito.MockitoTestExecutionListener, org.springframework.boot.test.mock.mockito.ResetMocksTestExecutionListener, org.springframework.boot.test.autoconfigure.restdocs.RestDocsTestExecutionListener, org.springframework.boot.test.autoconfigure.web.client.MockRestServiceServerResetTestExecutionListener, org.springframework.boot.test.autoconfigure.web.servlet.MockMvcPrintOnlyOnFailureTestExecutionListener, org.springframework.boot.test.autoconfigure.web.servlet.WebDriverTestExecutionListener, org.springframework.test.context.web.ServletTestExecutionListener, org.springframework.test.context.support.DirtiesContextBeforeModesTestExecutionListener, org.springframework.test.context.support.DependencyInjectionTestExecutionListener, org.springframework.test.context.support.DirtiesContextTestExecutionListener, org.springframework.test.context.transaction.TransactionalTestExecutionListener, org.springframework.test.context.jdbc.SqlScriptsTestExecutionListener]
2021-07-22 21:03:37 [INFO] - Could not instantiate TestExecutionListener [org.springframework.test.context.jdbc.SqlScriptsTestExecutionListener]. Specify custom listener classes or make the default listener classes (and their required dependencies) available. Offending class: [org/springframework/transaction/interceptor/TransactionAttribute]
2021-07-22 21:03:37 [INFO] - Could not instantiate TestExecutionListener [org.springframework.test.context.transaction.TransactionalTestExecutionListener]. Specify custom listener classes or make the default listener classes (and their required dependencies) available. Offending class: [org/springframework/transaction/interceptor/TransactionAttributeSource]
2021-07-22 21:03:37 [INFO] - Using TestExecutionListeners: [org.springframework.test.context.web.ServletTestExecutionListener@147a5d08, org.springframework.test.context.support.DirtiesContextBeforeModesTestExecutionListener@6676f6a0, org.springframework.boot.test.autoconfigure.SpringBootDependencyInjectionTestExecutionListener@7cbd9d24, org.springframework.test.context.support.DirtiesContextTestExecutionListener@1672fe87, org.springframework.boot.test.autoconfigure.web.client.MockRestServiceServerResetTestExecutionListener@5026735c, org.springframework.boot.test.autoconfigure.web.servlet.MockMvcPrintOnlyOnFailureTestExecutionListener@1b45c0e, org.springframework.boot.test.autoconfigure.web.servlet.WebDriverTestExecutionListener@11f0a5a1, org.springframework.boot.test.mock.mockito.MockitoTestExecutionListener@10f7f7de, org.springframework.boot.test.mock.mockito.ResetMocksTestExecutionListener@73a8da0f, org.springframework.boot.test.autoconfigure.restdocs.RestDocsTestExecutionListener@50dfbc58]
2021-07-22 21:03:38 [INFO] - Starting StrategyTest on C02VL1ANG8WN.local with PID 11766 (started by hanqing.zf in /Users/hanqing.zf/Desktop/github/finance_quant_digital)
2021-07-22 21:03:38 [INFO] - No active profile set, falling back to default profiles: default
2021-07-22 21:03:38 [INFO] - Refreshing org.springframework.web.context.support.GenericWebApplicationContext@5cc126dc: startup date [Thu Jul 22 21:03:38 CST 2021]; root of context hierarchy
2021-07-22 21:03:38 [INFO] - HV000001: Hibernate Validator 5.2.4.Final
2021-07-22 21:03:40 [INFO] - FinanceStrategyExecutor Start!!!
2021-07-22 21:03:42 [INFO] - Looking for @ControllerAdvice: org.springframework.web.context.support.GenericWebApplicationContext@5cc126dc: startup date [Thu Jul 22 21:03:38 CST 2021]; root of context hierarchy
2021-07-22 21:03:42 [INFO] - Mapped "{[/index]}" onto public java.lang.String org.finance.quant.digital.controller.DigitalController.index()
2021-07-22 21:03:42 [INFO] - Mapped "{[/start]}" onto public java.lang.Boolean org.finance.quant.digital.controller.DigitalController.startStrategy()
2021-07-22 21:03:42 [INFO] - Mapped "{[/error]}" onto public org.springframework.http.ResponseEntity<java.util.Map<java.lang.String, java.lang.Object>> org.springframework.boot.autoconfigure.web.BasicErrorController.error(javax.servlet.http.HttpServletRequest)
2021-07-22 21:03:42 [INFO] - Mapped "{[/error],produces=[text/html]}" onto public org.springframework.web.servlet.ModelAndView org.springframework.boot.autoconfigure.web.BasicErrorController.errorHtml(javax.servlet.http.HttpServletRequest,javax.servlet.http.HttpServletResponse)
2021-07-22 21:03:42 [INFO] - Mapped URL path [/webjars/**] onto handler of type [class org.springframework.web.servlet.resource.ResourceHttpRequestHandler]
2021-07-22 21:03:42 [INFO] - Mapped URL path [/**] onto handler of type [class org.springframework.web.servlet.resource.ResourceHttpRequestHandler]
2021-07-22 21:03:42 [INFO] - Mapped URL path [/**/favicon.ico] onto handler of type [class org.springframework.web.servlet.resource.ResourceHttpRequestHandler]
2021-07-22 21:03:43 [INFO] - Registering beans for JMX exposure on startup
2021-07-22 21:03:43 [INFO] - Started StrategyTest in 5.075 seconds (JVM running for 7.018)
2021-07-22 21:03:53 [INFO] - Closing org.springframework.web.context.support.GenericWebApplicationContext@5cc126dc: startup date [Thu Jul 22 21:03:38 CST 2021]; root of context hierarchy
2021-07-22 21:03:53 [INFO] - Unregistering JMX-exposed beans on shutdown
2021-07-22 21:04:24 [INFO] - Neither @ContextConfiguration nor @ContextHierarchy found for test class [org.finance.quant.digital.test.StrategyTest], using SpringBootContextLoader
2021-07-22 21:04:24 [INFO] - Could not detect default resource locations for test class [org.finance.quant.digital.test.StrategyTest]: no resource found for suffixes {-context.xml, Context.groovy}.
2021-07-22 21:04:24 [INFO] - Could not detect default configuration classes for test class [org.finance.quant.digital.test.StrategyTest]: StrategyTest does not declare any static, non-private, non-final, nested classes annotated with @Configuration.
2021-07-22 21:04:25 [INFO] - Found @SpringBootConfiguration org.finance.quant.digital.BootstrapApplication for test class org.finance.quant.digital.test.StrategyTest
2021-07-22 21:04:25 [INFO] - Loaded default TestExecutionListener class names from location [META-INF/spring.factories]: [org.springframework.boot.test.mock.mockito.MockitoTestExecutionListener, org.springframework.boot.test.mock.mockito.ResetMocksTestExecutionListener, org.springframework.boot.test.autoconfigure.restdocs.RestDocsTestExecutionListener, org.springframework.boot.test.autoconfigure.web.client.MockRestServiceServerResetTestExecutionListener, org.springframework.boot.test.autoconfigure.web.servlet.MockMvcPrintOnlyOnFailureTestExecutionListener, org.springframework.boot.test.autoconfigure.web.servlet.WebDriverTestExecutionListener, org.springframework.test.context.web.ServletTestExecutionListener, org.springframework.test.context.support.DirtiesContextBeforeModesTestExecutionListener, org.springframework.test.context.support.DependencyInjectionTestExecutionListener, org.springframework.test.context.support.DirtiesContextTestExecutionListener, org.springframework.test.context.transaction.TransactionalTestExecutionListener, org.springframework.test.context.jdbc.SqlScriptsTestExecutionListener]
2021-07-22 21:04:25 [INFO] - Could not instantiate TestExecutionListener [org.springframework.test.context.jdbc.SqlScriptsTestExecutionListener]. Specify custom listener classes or make the default listener classes (and their required dependencies) available. Offending class: [org/springframework/transaction/interceptor/TransactionAttribute]
2021-07-22 21:04:25 [INFO] - Could not instantiate TestExecutionListener [org.springframework.test.context.transaction.TransactionalTestExecutionListener]. Specify custom listener classes or make the default listener classes (and their required dependencies) available. Offending class: [org/springframework/transaction/interceptor/TransactionAttributeSource]
2021-07-22 21:04:25 [INFO] - Using TestExecutionListeners: [org.springframework.test.context.web.ServletTestExecutionListener@147a5d08, org.springframework.test.context.support.DirtiesContextBeforeModesTestExecutionListener@6676f6a0, org.springframework.boot.test.autoconfigure.SpringBootDependencyInjectionTestExecutionListener@7cbd9d24, org.springframework.test.context.support.DirtiesContextTestExecutionListener@1672fe87, org.springframework.boot.test.autoconfigure.web.client.MockRestServiceServerResetTestExecutionListener@5026735c, org.springframework.boot.test.autoconfigure.web.servlet.MockMvcPrintOnlyOnFailureTestExecutionListener@1b45c0e, org.springframework.boot.test.autoconfigure.web.servlet.WebDriverTestExecutionListener@11f0a5a1, org.springframework.boot.test.mock.mockito.MockitoTestExecutionListener@10f7f7de, org.springframework.boot.test.mock.mockito.ResetMocksTestExecutionListener@73a8da0f, org.springframework.boot.test.autoconfigure.restdocs.RestDocsTestExecutionListener@50dfbc58]
2021-07-22 21:04:26 [INFO] - Starting StrategyTest on C02VL1ANG8WN.local with PID 11874 (started by hanqing.zf in /Users/hanqing.zf/Desktop/github/finance_quant_digital)
2021-07-22 21:04:26 [INFO] - No active profile set, falling back to default profiles: default
2021-07-22 21:04:26 [INFO] - Refreshing org.springframework.web.context.support.GenericWebApplicationContext@5cc126dc: startup date [Thu Jul 22 21:04:26 CST 2021]; root of context hierarchy
2021-07-22 21:04:27 [INFO] - HV000001: Hibernate Validator 5.2.4.Final
2021-07-22 21:04:29 [INFO] - FinanceStrategyExecutor Start!!!
2021-07-22 21:04:30 [INFO] - Looking for @ControllerAdvice: org.springframework.web.context.support.GenericWebApplicationContext@5cc126dc: startup date [Thu Jul 22 21:04:26 CST 2021]; root of context hierarchy
2021-07-22 21:04:30 [INFO] - Mapped "{[/index]}" onto public java.lang.String org.finance.quant.digital.controller.DigitalController.index()
2021-07-22 21:04:30 [INFO] - Mapped "{[/start]}" onto public java.lang.Boolean org.finance.quant.digital.controller.DigitalController.startStrategy()
2021-07-22 21:04:30 [INFO] - Mapped "{[/error]}" onto public org.springframework.http.ResponseEntity<java.util.Map<java.lang.String, java.lang.Object>> org.springframework.boot.autoconfigure.web.BasicErrorController.error(javax.servlet.http.HttpServletRequest)
2021-07-22 21:04:30 [INFO] - Mapped "{[/error],produces=[text/html]}" onto public org.springframework.web.servlet.ModelAndView org.springframework.boot.autoconfigure.web.BasicErrorController.errorHtml(javax.servlet.http.HttpServletRequest,javax.servlet.http.HttpServletResponse)
2021-07-22 21:04:30 [INFO] - Mapped URL path [/webjars/**] onto handler of type [class org.springframework.web.servlet.resource.ResourceHttpRequestHandler]
2021-07-22 21:04:30 [INFO] - Mapped URL path [/**] onto handler of type [class org.springframework.web.servlet.resource.ResourceHttpRequestHandler]
2021-07-22 21:04:30 [INFO] - Mapped URL path [/**/favicon.ico] onto handler of type [class org.springframework.web.servlet.resource.ResourceHttpRequestHandler]
2021-07-22 21:04:30 [INFO] - Registering beans for JMX exposure on startup
2021-07-22 21:04:30 [INFO] - Started StrategyTest in 5.435 seconds (JVM running for 8.247)
2021-07-22 21:04:31 [INFO] - ACCOUNT:[[{"asset":"BTC","free":"0.00000119","locked":"0.00000000"},{"asset":"ETH","free":"0.00000000","locked":"0.00000000"},{"asset":"EOS","free":"0.00000000","locked":"0.00000000"},{"asset":"USDT","free":"10.02388158","locked":"0.00000000"}]]
2021-07-22 21:08:32 [INFO] - Closing org.springframework.web.context.support.GenericWebApplicationContext@5cc126dc: startup date [Thu Jul 22 21:04:26 CST 2021]; root of context hierarchy
2021-07-22 21:08:32 [INFO] - Unregistering JMX-exposed beans on shutdown
2021-07-22 21:37:21 [INFO] - Neither @ContextConfiguration nor @ContextHierarchy found for test class [org.finance.quant.digital.test.StrategyTest], using SpringBootContextLoader
2021-07-22 21:37:21 [INFO] - Could not detect default resource locations for test class [org.finance.quant.digital.test.StrategyTest]: no resource found for suffixes {-context.xml, Context.groovy}.
2021-07-22 21:37:21 [INFO] - Could not detect default configuration classes for test class [org.finance.quant.digital.test.StrategyTest]: StrategyTest does not declare any static, non-private, non-final, nested classes annotated with @Configuration.
2021-07-22 21:37:21 [INFO] - Found @SpringBootConfiguration org.finance.quant.digital.BootstrapApplication for test class org.finance.quant.digital.test.StrategyTest
2021-07-22 21:37:22 [INFO] - Loaded default TestExecutionListener class names from location [META-INF/spring.factories]: [org.springframework.boot.test.mock.mockito.MockitoTestExecutionListener, org.springframework.boot.test.mock.mockito.ResetMocksTestExecutionListener, org.springframework.boot.test.autoconfigure.restdocs.RestDocsTestExecutionListener, org.springframework.boot.test.autoconfigure.web.client.MockRestServiceServerResetTestExecutionListener, org.springframework.boot.test.autoconfigure.web.servlet.MockMvcPrintOnlyOnFailureTestExecutionListener, org.springframework.boot.test.autoconfigure.web.servlet.WebDriverTestExecutionListener, org.springframework.test.context.web.ServletTestExecutionListener, org.springframework.test.context.support.DirtiesContextBeforeModesTestExecutionListener, org.springframework.test.context.support.DependencyInjectionTestExecutionListener, org.springframework.test.context.support.DirtiesContextTestExecutionListener, org.springframework.test.context.transaction.TransactionalTestExecutionListener, org.springframework.test.context.jdbc.SqlScriptsTestExecutionListener]
2021-07-22 21:37:22 [INFO] - Could not instantiate TestExecutionListener [org.springframework.test.context.jdbc.SqlScriptsTestExecutionListener]. Specify custom listener classes or make the default listener classes (and their required dependencies) available. Offending class: [org/springframework/transaction/interceptor/TransactionAttribute]
2021-07-22 21:37:22 [INFO] - Could not instantiate TestExecutionListener [org.springframework.test.context.transaction.TransactionalTestExecutionListener]. Specify custom listener classes or make the default listener classes (and their required dependencies) available. Offending class: [org/springframework/transaction/interceptor/TransactionAttributeSource]
2021-07-22 21:37:22 [INFO] - Using TestExecutionListeners: [org.springframework.test.context.web.ServletTestExecutionListener@147a5d08, org.springframework.test.context.support.DirtiesContextBeforeModesTestExecutionListener@6676f6a0, org.springframework.boot.test.autoconfigure.SpringBootDependencyInjectionTestExecutionListener@7cbd9d24, org.springframework.test.context.support.DirtiesContextTestExecutionListener@1672fe87, org.springframework.boot.test.autoconfigure.web.client.MockRestServiceServerResetTestExecutionListener@5026735c, org.springframework.boot.test.autoconfigure.web.servlet.MockMvcPrintOnlyOnFailureTestExecutionListener@1b45c0e, org.springframework.boot.test.autoconfigure.web.servlet.WebDriverTestExecutionListener@11f0a5a1, org.springframework.boot.test.mock.mockito.MockitoTestExecutionListener@10f7f7de, org.springframework.boot.test.mock.mockito.ResetMocksTestExecutionListener@73a8da0f, org.springframework.boot.test.autoconfigure.restdocs.RestDocsTestExecutionListener@50dfbc58]
2021-07-22 21:37:22 [INFO] - Starting StrategyTest on C02VL1ANG8WN.local with PID 12235 (started by hanqing.zf in /Users/hanqing.zf/Desktop/github/finance_quant_digital)
2021-07-22 21:37:22 [INFO] - No active profile set, falling back to default profiles: default
2021-07-22 21:37:22 [INFO] - Refreshing org.springframework.web.context.support.GenericWebApplicationContext@5cc126dc: startup date [Thu Jul 22 21:37:22 CST 2021]; root of context hierarchy
2021-07-22 21:37:23 [INFO] - HV000001: Hibernate Validator 5.2.4.Final
2021-07-22 21:37:24 [INFO] - FinanceStrategyExecutor Start!!!
2021-07-22 21:37:25 [INFO] - Looking for @ControllerAdvice: org.springframework.web.context.support.GenericWebApplicationContext@5cc126dc: startup date [Thu Jul 22 21:37:22 CST 2021]; root of context hierarchy
2021-07-22 21:37:25 [INFO] - Mapped "{[/index]}" onto public java.lang.String org.finance.quant.digital.controller.DigitalController.index()
2021-07-22 21:37:25 [INFO] - Mapped "{[/start]}" onto public java.lang.Boolean org.finance.quant.digital.controller.DigitalController.startStrategy()
2021-07-22 21:37:25 [INFO] - Mapped "{[/error]}" onto public org.springframework.http.ResponseEntity<java.util.Map<java.lang.String, java.lang.Object>> org.springframework.boot.autoconfigure.web.BasicErrorController.error(javax.servlet.http.HttpServletRequest)
2021-07-22 21:37:25 [INFO] - Mapped "{[/error],produces=[text/html]}" onto public org.springframework.web.servlet.ModelAndView org.springframework.boot.autoconfigure.web.BasicErrorController.errorHtml(javax.servlet.http.HttpServletRequest,javax.servlet.http.HttpServletResponse)
2021-07-22 21:37:25 [INFO] - Mapped URL path [/webjars/**] onto handler of type [class org.springframework.web.servlet.resource.ResourceHttpRequestHandler]
2021-07-22 21:37:25 [INFO] - Mapped URL path [/**] onto handler of type [class org.springframework.web.servlet.resource.ResourceHttpRequestHandler]
2021-07-22 21:37:25 [INFO] - Mapped URL path [/**/favicon.ico] onto handler of type [class org.springframework.web.servlet.resource.ResourceHttpRequestHandler]
2021-07-22 21:37:25 [INFO] - Registering beans for JMX exposure on startup
2021-07-22 21:37:25 [INFO] - Started StrategyTest in 3.775 seconds (JVM running for 5.292)
2021-07-22 21:37:30 [INFO] - Closing org.springframework.web.context.support.GenericWebApplicationContext@5cc126dc: startup date [Thu Jul 22 21:37:22 CST 2021]; root of context hierarchy
2021-07-22 21:37:30 [INFO] - Unregistering JMX-exposed beans on shutdown
2021-07-22 21:38:22 [INFO] - Neither @ContextConfiguration nor @ContextHierarchy found for test class [org.finance.quant.digital.test.StrategyTest], using SpringBootContextLoader
2021-07-22 21:38:22 [INFO] - Could not detect default resource locations for test class [org.finance.quant.digital.test.StrategyTest]: no resource found for suffixes {-context.xml, Context.groovy}.
2021-07-22 21:38:22 [INFO] - Could not detect default configuration classes for test class [org.finance.quant.digital.test.StrategyTest]: StrategyTest does not declare any static, non-private, non-final, nested classes annotated with @Configuration.
2021-07-22 21:38:22 [INFO] - Found @SpringBootConfiguration org.finance.quant.digital.BootstrapApplication for test class org.finance.quant.digital.test.StrategyTest
2021-07-22 21:38:22 [INFO] - Loaded default TestExecutionListener class names from location [META-INF/spring.factories]: [org.springframework.boot.test.mock.mockito.MockitoTestExecutionListener, org.springframework.boot.test.mock.mockito.ResetMocksTestExecutionListener, org.springframework.boot.test.autoconfigure.restdocs.RestDocsTestExecutionListener, org.springframework.boot.test.autoconfigure.web.client.MockRestServiceServerResetTestExecutionListener, org.springframework.boot.test.autoconfigure.web.servlet.MockMvcPrintOnlyOnFailureTestExecutionListener, org.springframework.boot.test.autoconfigure.web.servlet.WebDriverTestExecutionListener, org.springframework.test.context.web.ServletTestExecutionListener, org.springframework.test.context.support.DirtiesContextBeforeModesTestExecutionListener, org.springframework.test.context.support.DependencyInjectionTestExecutionListener, org.springframework.test.context.support.DirtiesContextTestExecutionListener, org.springframework.test.context.transaction.TransactionalTestExecutionListener, org.springframework.test.context.jdbc.SqlScriptsTestExecutionListener]
2021-07-22 21:38:22 [INFO] - Could not instantiate TestExecutionListener [org.springframework.test.context.transaction.TransactionalTestExecutionListener]. Specify custom listener classes or make the default listener classes (and their required dependencies) available. Offending class: [org/springframework/transaction/interceptor/TransactionAttributeSource]
2021-07-22 21:38:22 [INFO] - Could not instantiate TestExecutionListener [org.springframework.test.context.jdbc.SqlScriptsTestExecutionListener]. Specify custom listener classes or make the default listener classes (and their required dependencies) available. Offending class: [org/springframework/transaction/interceptor/TransactionAttribute]
2021-07-22 21:38:22 [INFO] - Using TestExecutionListeners: [org.springframework.test.context.web.ServletTestExecutionListener@1672fe87, org.springframework.test.context.support.DirtiesContextBeforeModesTestExecutionListener@5026735c, org.springframework.boot.test.autoconfigure.SpringBootDependencyInjectionTestExecutionListener@1b45c0e, org.springframework.test.context.support.DirtiesContextTestExecutionListener@11f0a5a1, org.springframework.boot.test.autoconfigure.restdocs.RestDocsTestExecutionListener@10f7f7de, org.springframework.boot.test.autoconfigure.web.client.MockRestServiceServerResetTestExecutionListener@73a8da0f, org.springframework.boot.test.autoconfigure.web.servlet.WebDriverTestExecutionListener@50dfbc58, org.springframework.boot.test.autoconfigure.web.servlet.MockMvcPrintOnlyOnFailureTestExecutionListener@4416d64f, org.springframework.boot.test.mock.mockito.MockitoTestExecutionListener@6bf08014, org.springframework.boot.test.mock.mockito.ResetMocksTestExecutionListener@5e3d57c7]
2021-07-22 21:38:23 [INFO] - Starting StrategyTest on C02VL1ANG8WN.local with PID 12267 (started by hanqing.zf in /Users/hanqing.zf/Desktop/github/finance_quant_digital)
2021-07-22 21:38:23 [INFO] - No active profile set, falling back to default profiles: default
2021-07-22 21:38:23 [INFO] - Refreshing org.springframework.web.context.support.GenericWebApplicationContext@89c10b7: startup date [Thu Jul 22 21:38:23 CST 2021]; root of context hierarchy
2021-07-22 21:38:24 [INFO] - HV000001: Hibernate Validator 5.2.4.Final
2021-07-22 21:38:25 [INFO] - FinanceStrategyExecutor Start!!!
2021-07-22 21:38:26 [INFO] - Looking for @ControllerAdvice: org.springframework.web.context.support.GenericWebApplicationContext@89c10b7: startup date [Thu Jul 22 21:38:23 CST 2021]; root of context hierarchy
2021-07-22 21:38:26 [INFO] - Mapped "{[/index]}" onto public java.lang.String org.finance.quant.digital.controller.DigitalController.index()
2021-07-22 21:38:26 [INFO] - Mapped "{[/start]}" onto public java.lang.Boolean org.finance.quant.digital.controller.DigitalController.startStrategy()
2021-07-22 21:38:26 [INFO] - Mapped "{[/error]}" onto public org.springframework.http.ResponseEntity<java.util.Map<java.lang.String, java.lang.Object>> org.springframework.boot.autoconfigure.web.BasicErrorController.error(javax.servlet.http.HttpServletRequest)
2021-07-22 21:38:26 [INFO] - Mapped "{[/error],produces=[text/html]}" onto public org.springframework.web.servlet.ModelAndView org.springframework.boot.autoconfigure.web.BasicErrorController.errorHtml(javax.servlet.http.HttpServletRequest,javax.servlet.http.HttpServletResponse)
2021-07-22 21:38:26 [INFO] - Mapped URL path [/webjars/**] onto handler of type [class org.springframework.web.servlet.resource.ResourceHttpRequestHandler]
2021-07-22 21:38:26 [INFO] - Mapped URL path [/**] onto handler of type [class org.springframework.web.servlet.resource.ResourceHttpRequestHandler]
2021-07-22 21:38:26 [INFO] - Mapped URL path [/**/favicon.ico] onto handler of type [class org.springframework.web.servlet.resource.ResourceHttpRequestHandler]
2021-07-22 21:38:27 [INFO] - Registering beans for JMX exposure on startup
2021-07-22 21:38:27 [INFO] - Started StrategyTest in 4.227 seconds (JVM running for 5.678)
2021-07-22 21:39:09 [INFO] - Closing org.springframework.web.context.support.GenericWebApplicationContext@89c10b7: startup date [Thu Jul 22 21:38:23 CST 2021]; root of context hierarchy
2021-07-22 21:39:09 [INFO] - Unregistering JMX-exposed beans on shutdown
2021-07-22 21:45:46 [INFO] - Neither @ContextConfiguration nor @ContextHierarchy found for test class [org.finance.quant.digital.test.StrategyTest], using SpringBootContextLoader
2021-07-22 21:45:46 [INFO] - Could not detect default resource locations for test class [org.finance.quant.digital.test.StrategyTest]: no resource found for suffixes {-context.xml, Context.groovy}.
2021-07-22 21:45:46 [INFO] - Could not detect default configuration classes for test class [org.finance.quant.digital.test.StrategyTest]: StrategyTest does not declare any static, non-private, non-final, nested classes annotated with @Configuration.
2021-07-22 21:45:47 [INFO] - Found @SpringBootConfiguration org.finance.quant.digital.BootstrapApplication for test class org.finance.quant.digital.test.StrategyTest
2021-07-22 21:45:47 [INFO] - Loaded default TestExecutionListener class names from location [META-INF/spring.factories]: [org.springframework.boot.test.mock.mockito.MockitoTestExecutionListener, org.springframework.boot.test.mock.mockito.ResetMocksTestExecutionListener, org.springframework.boot.test.autoconfigure.restdocs.RestDocsTestExecutionListener, org.springframework.boot.test.autoconfigure.web.client.MockRestServiceServerResetTestExecutionListener, org.springframework.boot.test.autoconfigure.web.servlet.MockMvcPrintOnlyOnFailureTestExecutionListener, org.springframework.boot.test.autoconfigure.web.servlet.WebDriverTestExecutionListener, org.springframework.test.context.web.ServletTestExecutionListener, org.springframework.test.context.support.DirtiesContextBeforeModesTestExecutionListener, org.springframework.test.context.support.DependencyInjectionTestExecutionListener, org.springframework.test.context.support.DirtiesContextTestExecutionListener, org.springframework.test.context.transaction.TransactionalTestExecutionListener, org.springframework.test.context.jdbc.SqlScriptsTestExecutionListener]
2021-07-22 21:45:47 [INFO] - Could not instantiate TestExecutionListener [org.springframework.test.context.transaction.TransactionalTestExecutionListener]. Specify custom listener classes or make the default listener classes (and their required dependencies) available. Offending class: [org/springframework/transaction/interceptor/TransactionAttributeSource]
2021-07-22 21:45:47 [INFO] - Could not instantiate TestExecutionListener [org.springframework.test.context.jdbc.SqlScriptsTestExecutionListener]. Specify custom listener classes or make the default listener classes (and their required dependencies) available. Offending class: [org/springframework/transaction/interceptor/TransactionAttribute]
2021-07-22 21:45:47 [INFO] - Using TestExecutionListeners: [org.springframework.test.context.web.ServletTestExecutionListener@1672fe87, org.springframework.test.context.support.DirtiesContextBeforeModesTestExecutionListener@5026735c, org.springframework.boot.test.autoconfigure.SpringBootDependencyInjectionTestExecutionListener@1b45c0e, org.springframework.test.context.support.DirtiesContextTestExecutionListener@11f0a5a1, org.springframework.boot.test.autoconfigure.restdocs.RestDocsTestExecutionListener@10f7f7de, org.springframework.boot.test.autoconfigure.web.client.MockRestServiceServerResetTestExecutionListener@73a8da0f, org.springframework.boot.test.autoconfigure.web.servlet.WebDriverTestExecutionListener@50dfbc58, org.springframework.boot.test.autoconfigure.web.servlet.MockMvcPrintOnlyOnFailureTestExecutionListener@4416d64f, org.springframework.boot.test.mock.mockito.MockitoTestExecutionListener@6bf08014, org.springframework.boot.test.mock.mockito.ResetMocksTestExecutionListener@5e3d57c7]
2021-07-22 21:45:47 [INFO] - Starting StrategyTest on C02VL1ANG8WN.local with PID 12335 (started by hanqing.zf in /Users/hanqing.zf/Desktop/github/finance_quant_digital)
2021-07-22 21:45:47 [INFO] - No active profile set, falling back to default profiles: default
2021-07-22 21:45:47 [INFO] - Refreshing org.springframework.web.context.support.GenericWebApplicationContext@89c10b7: startup date [Thu Jul 22 21:45:47 CST 2021]; root of context hierarchy
2021-07-22 21:45:48 [INFO] - HV000001: Hibernate Validator 5.2.4.Final
2021-07-22 21:45:49 [INFO] - FinanceStrategyExecutor Start!!!
2021-07-22 21:45:50 [INFO] - Looking for @ControllerAdvice: org.springframework.web.context.support.GenericWebApplicationContext@89c10b7: startup date [Thu Jul 22 21:45:47 CST 2021]; root of context hierarchy
2021-07-22 21:45:50 [INFO] - Mapped "{[/index]}" onto public java.lang.String org.finance.quant.digital.controller.DigitalController.index()
2021-07-22 21:45:50 [INFO] - Mapped "{[/start]}" onto public java.lang.Boolean org.finance.quant.digital.controller.DigitalController.startStrategy()
2021-07-22 21:45:50 [INFO] - Mapped "{[/error]}" onto public org.springframework.http.ResponseEntity<java.util.Map<java.lang.String, java.lang.Object>> org.springframework.boot.autoconfigure.web.BasicErrorController.error(javax.servlet.http.HttpServletRequest)
2021-07-22 21:45:50 [INFO] - Mapped "{[/error],produces=[text/html]}" onto public org.springframework.web.servlet.ModelAndView org.springframework.boot.autoconfigure.web.BasicErrorController.errorHtml(javax.servlet.http.HttpServletRequest,javax.servlet.http.HttpServletResponse)
2021-07-22 21:45:50 [INFO] - Mapped URL path [/webjars/**] onto handler of type [class org.springframework.web.servlet.resource.ResourceHttpRequestHandler]
2021-07-22 21:45:50 [INFO] - Mapped URL path [/**] onto handler of type [class org.springframework.web.servlet.resource.ResourceHttpRequestHandler]
2021-07-22 21:45:50 [INFO] - Mapped URL path [/**/favicon.ico] onto handler of type [class org.springframework.web.servlet.resource.ResourceHttpRequestHandler]
2021-07-22 21:45:51 [INFO] - Registering beans for JMX exposure on startup
2021-07-22 21:45:51 [INFO] - Started StrategyTest in 3.865 seconds (JVM running for 5.302)
2021-07-22 21:47:00 [INFO] - Closing org.springframework.web.context.support.GenericWebApplicationContext@89c10b7: startup date [Thu Jul 22 21:45:47 CST 2021]; root of context hierarchy
2021-07-22 21:47:00 [INFO] - Unregistering JMX-exposed beans on shutdown
2021-07-22 21:50:34 [INFO] - Neither @ContextConfiguration nor @ContextHierarchy found for test class [org.finance.quant.digital.test.StrategyTest], using SpringBootContextLoader
2021-07-22 21:50:34 [INFO] - Could not detect default resource locations for test class [org.finance.quant.digital.test.StrategyTest]: no resource found for suffixes {-context.xml, Context.groovy}.
2021-07-22 21:50:34 [INFO] - Could not detect default configuration classes for test class [org.finance.quant.digital.test.StrategyTest]: StrategyTest does not declare any static, non-private, non-final, nested classes annotated with @Configuration.
2021-07-22 21:50:34 [INFO] - Found @SpringBootConfiguration org.finance.quant.digital.BootstrapApplication for test class org.finance.quant.digital.test.StrategyTest
2021-07-22 21:50:34 [INFO] - Loaded default TestExecutionListener class names from location [META-INF/spring.factories]: [org.springframework.boot.test.mock.mockito.MockitoTestExecutionListener, org.springframework.boot.test.mock.mockito.ResetMocksTestExecutionListener, org.springframework.boot.test.autoconfigure.restdocs.RestDocsTestExecutionListener, org.springframework.boot.test.autoconfigure.web.client.MockRestServiceServerResetTestExecutionListener, org.springframework.boot.test.autoconfigure.web.servlet.MockMvcPrintOnlyOnFailureTestExecutionListener, org.springframework.boot.test.autoconfigure.web.servlet.WebDriverTestExecutionListener, org.springframework.test.context.web.ServletTestExecutionListener, org.springframework.test.context.support.DirtiesContextBeforeModesTestExecutionListener, org.springframework.test.context.support.DependencyInjectionTestExecutionListener, org.springframework.test.context.support.DirtiesContextTestExecutionListener, org.springframework.test.context.transaction.TransactionalTestExecutionListener, org.springframework.test.context.jdbc.SqlScriptsTestExecutionListener]
2021-07-22 21:50:34 [INFO] - Could not instantiate TestExecutionListener [org.springframework.test.context.transaction.TransactionalTestExecutionListener]. Specify custom listener classes or make the default listener classes (and their required dependencies) available. Offending class: [org/springframework/transaction/interceptor/TransactionAttributeSource]
2021-07-22 21:50:34 [INFO] - Could not instantiate TestExecutionListener [org.springframework.test.context.jdbc.SqlScriptsTestExecutionListener]. Specify custom listener classes or make the default listener classes (and their required dependencies) available. Offending class: [org/springframework/transaction/interceptor/TransactionAttribute]
2021-07-22 21:50:34 [INFO] - Using TestExecutionListeners: [org.springframework.test.context.web.ServletTestExecutionListener@1672fe87, org.springframework.test.context.support.DirtiesContextBeforeModesTestExecutionListener@5026735c, org.springframework.boot.test.autoconfigure.SpringBootDependencyInjectionTestExecutionListener@1b45c0e, org.springframework.test.context.support.DirtiesContextTestExecutionListener@11f0a5a1, org.springframework.boot.test.autoconfigure.restdocs.RestDocsTestExecutionListener@10f7f7de, org.springframework.boot.test.autoconfigure.web.client.MockRestServiceServerResetTestExecutionListener@73a8da0f, org.springframework.boot.test.autoconfigure.web.servlet.WebDriverTestExecutionListener@50dfbc58, org.springframework.boot.test.autoconfigure.web.servlet.MockMvcPrintOnlyOnFailureTestExecutionListener@4416d64f, org.springframework.boot.test.mock.mockito.MockitoTestExecutionListener@6bf08014, org.springframework.boot.test.mock.mockito.ResetMocksTestExecutionListener@5e3d57c7]
2021-07-22 21:50:35 [INFO] - Starting StrategyTest on C02VL1ANG8WN.local with PID 12431 (started by hanqing.zf in /Users/hanqing.zf/Desktop/github/finance_quant_digital)
2021-07-22 21:50:35 [INFO] - No active profile set, falling back to default profiles: default
2021-07-22 21:50:35 [INFO] - Refreshing org.springframework.web.context.support.GenericWebApplicationContext@89c10b7: startup date [Thu Jul 22 21:50:35 CST 2021]; root of context hierarchy
2021-07-22 21:50:35 [INFO] - HV000001: Hibernate Validator 5.2.4.Final
2021-07-22 21:50:37 [INFO] - FinanceStrategyExecutor Start!!!
2021-07-22 21:50:38 [INFO] - Looking for @ControllerAdvice: org.springframework.web.context.support.GenericWebApplicationContext@89c10b7: startup date [Thu Jul 22 21:50:35 CST 2021]; root of context hierarchy
2021-07-22 21:50:38 [INFO] - Mapped "{[/index]}" onto public java.lang.String org.finance.quant.digital.controller.DigitalController.index()
2021-07-22 21:50:38 [INFO] - Mapped "{[/start]}" onto public java.lang.Boolean org.finance.quant.digital.controller.DigitalController.startStrategy()
2021-07-22 21:50:38 [INFO] - Mapped "{[/error]}" onto public org.springframework.http.ResponseEntity<java.util.Map<java.lang.String, java.lang.Object>> org.springframework.boot.autoconfigure.web.BasicErrorController.error(javax.servlet.http.HttpServletRequest)
2021-07-22 21:50:38 [INFO] - Mapped "{[/error],produces=[text/html]}" onto public org.springframework.web.servlet.ModelAndView org.springframework.boot.autoconfigure.web.BasicErrorController.errorHtml(javax.servlet.http.HttpServletRequest,javax.servlet.http.HttpServletResponse)
2021-07-22 21:50:38 [INFO] - Mapped URL path [/webjars/**] onto handler of type [class org.springframework.web.servlet.resource.ResourceHttpRequestHandler]
2021-07-22 21:50:38 [INFO] - Mapped URL path [/**] onto handler of type [class org.springframework.web.servlet.resource.ResourceHttpRequestHandler]
2021-07-22 21:50:38 [INFO] - Mapped URL path [/**/favicon.ico] onto handler of type [class org.springframework.web.servlet.resource.ResourceHttpRequestHandler]
2021-07-22 21:50:39 [INFO] - Registering beans for JMX exposure on startup
2021-07-22 21:50:39 [INFO] - Started StrategyTest in 4.216 seconds (JVM running for 5.897)
2021-07-22 21:50:47 [INFO] - ACCOUNT:[[{"asset":"BTC","free":"0.00000119","locked":"0.00000000"},{"asset":"ETH","free":"0.00000000","locked":"0.00000000"},{"asset":"EOS","free":"0.00000000","locked":"0.00000000"},{"asset":"USDT","free":"10.02388158","locked":"0.00000000"}]]
2021-07-22 21:50:49 [INFO] - ACCOUNT:[[{"asset":"BTC","free":"0.00000119","locked":"0.00000000"},{"asset":"ETH","free":"0.00000000","locked":"0.00000000"},{"asset":"EOS","free":"0.00000000","locked":"0.00000000"},{"asset":"USDT","free":"10.02388158","locked":"0.00000000"}]]
2021-07-22 21:50:50 [INFO] - ACCOUNT:[[{"asset":"BTC","free":"0.00000119","locked":"0.00000000"},{"asset":"ETH","free":"0.00000000","locked":"0.00000000"},{"asset":"EOS","free":"0.00000000","locked":"0.00000000"},{"asset":"USDT","free":"10.02388158","locked":"0.00000000"}]]
2021-07-22 21:50:51 [INFO] - ACCOUNT:[[{"asset":"BTC","free":"0.00000119","locked":"0.00000000"},{"asset":"ETH","free":"0.00000000","locked":"0.00000000"},{"asset":"EOS","free":"0.00000000","locked":"0.00000000"},{"asset":"USDT","free":"10.02388158","locked":"0.00000000"}]]
2021-07-22 21:50:52 [INFO] - ACCOUNT:[[{"asset":"BTC","free":"0.00000119","locked":"0.00000000"},{"asset":"ETH","free":"0.00000000","locked":"0.00000000"},{"asset":"EOS","free":"0.00000000","locked":"0.00000000"},{"asset":"USDT","free":"10.02388158","locked":"0.00000000"}]]
2021-07-22 21:50:53 [INFO] - ACCOUNT:[[{"asset":"BTC","free":"0.00000119","locked":"0.00000000"},{"asset":"ETH","free":"0.00000000","locked":"0.00000000"},{"asset":"EOS","free":"0.00000000","locked":"0.00000000"},{"asset":"USDT","free":"10.02388158","locked":"0.00000000"}]]
2021-07-22 21:50:54 [INFO] - ACCOUNT:[[{"asset":"BTC","free":"0.00000119","locked":"0.00000000"},{"asset":"ETH","free":"0.00000000","locked":"0.00000000"},{"asset":"EOS","free":"0.00000000","locked":"0.00000000"},{"asset":"USDT","free":"10.02388158","locked":"0.00000000"}]]
2021-07-22 21:50:55 [INFO] - ACCOUNT:[[{"asset":"BTC","free":"0.00000119","locked":"0.00000000"},{"asset":"ETH","free":"0.00000000","locked":"0.00000000"},{"asset":"EOS","free":"0.00000000","locked":"0.00000000"},{"asset":"USDT","free":"10.02388158","locked":"0.00000000"}]]
2021-07-22 21:50:56 [INFO] - ACCOUNT:[[{"asset":"BTC","free":"0.00000119","locked":"0.00000000"},{"asset":"ETH","free":"0.00000000","locked":"0.00000000"},{"asset":"EOS","free":"0.00000000","locked":"0.00000000"},{"asset":"USDT","free":"10.02388158","locked":"0.00000000"}]]
2021-07-22 21:51:01 [INFO] - ACCOUNT:[[{"asset":"BTC","free":"0.00000119","locked":"0.00000000"},{"asset":"ETH","free":"0.00000000","locked":"0.00000000"},{"asset":"EOS","free":"0.00000000","locked":"0.00000000"},{"asset":"USDT","free":"10.02388158","locked":"0.00000000"}]]
2021-07-22 21:51:11 [INFO] - ACCOUNT:[[{"asset":"BTC","free":"0.00000119","locked":"0.00000000"},{"asset":"ETH","free":"0.00000000","locked":"0.00000000"},{"asset":"EOS","free":"0.00000000","locked":"0.00000000"},{"asset":"USDT","free":"10.02388158","locked":"0.00000000"}]]
2021-07-22 21:51:11 [INFO] - Closing org.springframework.web.context.support.GenericWebApplicationContext@89c10b7: startup date [Thu Jul 22 21:50:35 CST 2021]; root of context hierarchy
2021-07-22 21:51:11 [INFO] - Unregistering JMX-exposed beans on shutdown
2021-07-22 21:53:47 [INFO] - Neither @ContextConfiguration nor @ContextHierarchy found for test class [org.finance.quant.digital.test.StrategyTest], using SpringBootContextLoader
2021-07-22 21:53:47 [INFO] - Could not detect default resource locations for test class [org.finance.quant.digital.test.StrategyTest]: no resource found for suffixes {-context.xml, Context.groovy}.
2021-07-22 21:53:47 [INFO] - Could not detect default configuration classes for test class [org.finance.quant.digital.test.StrategyTest]: StrategyTest does not declare any static, non-private, non-final, nested classes annotated with @Configuration.
2021-07-22 21:53:48 [INFO] - Found @SpringBootConfiguration org.finance.quant.digital.BootstrapApplication for test class org.finance.quant.digital.test.StrategyTest
2021-07-22 21:53:48 [INFO] - Loaded default TestExecutionListener class names from location [META-INF/spring.factories]: [org.springframework.boot.test.mock.mockito.MockitoTestExecutionListener, org.springframework.boot.test.mock.mockito.ResetMocksTestExecutionListener, org.springframework.boot.test.autoconfigure.restdocs.RestDocsTestExecutionListener, org.springframework.boot.test.autoconfigure.web.client.MockRestServiceServerResetTestExecutionListener, org.springframework.boot.test.autoconfigure.web.servlet.MockMvcPrintOnlyOnFailureTestExecutionListener, org.springframework.boot.test.autoconfigure.web.servlet.WebDriverTestExecutionListener, org.springframework.test.context.web.ServletTestExecutionListener, org.springframework.test.context.support.DirtiesContextBeforeModesTestExecutionListener, org.springframework.test.context.support.DependencyInjectionTestExecutionListener, org.springframework.test.context.support.DirtiesContextTestExecutionListener, org.springframework.test.context.transaction.TransactionalTestExecutionListener, org.springframework.test.context.jdbc.SqlScriptsTestExecutionListener]
2021-07-22 21:53:48 [INFO] - Could not instantiate TestExecutionListener [org.springframework.test.context.transaction.TransactionalTestExecutionListener]. Specify custom listener classes or make the default listener classes (and their required dependencies) available. Offending class: [org/springframework/transaction/interceptor/TransactionAttributeSource]
2021-07-22 21:53:48 [INFO] - Could not instantiate TestExecutionListener [org.springframework.test.context.jdbc.SqlScriptsTestExecutionListener]. Specify custom listener classes or make the default listener classes (and their required dependencies) available. Offending class: [org/springframework/transaction/interceptor/TransactionAttribute]
2021-07-22 21:53:48 [INFO] - Using TestExecutionListeners: [org.springframework.test.context.web.ServletTestExecutionListener@1672fe87, org.springframework.test.context.support.DirtiesContextBeforeModesTestExecutionListener@5026735c, org.springframework.boot.test.autoconfigure.SpringBootDependencyInjectionTestExecutionListener@1b45c0e, org.springframework.test.context.support.DirtiesContextTestExecutionListener@11f0a5a1, org.springframework.boot.test.autoconfigure.restdocs.RestDocsTestExecutionListener@10f7f7de, org.springframework.boot.test.autoconfigure.web.client.MockRestServiceServerResetTestExecutionListener@73a8da0f, org.springframework.boot.test.autoconfigure.web.servlet.WebDriverTestExecutionListener@50dfbc58, org.springframework.boot.test.autoconfigure.web.servlet.MockMvcPrintOnlyOnFailureTestExecutionListener@4416d64f, org.springframework.boot.test.mock.mockito.MockitoTestExecutionListener@6bf08014, org.springframework.boot.test.mock.mockito.ResetMocksTestExecutionListener@5e3d57c7]
2021-07-22 21:53:49 [INFO] - Starting StrategyTest on C02VL1ANG8WN.local with PID 12518 (started by hanqing.zf in /Users/hanqing.zf/Desktop/github/finance_quant_digital)
2021-07-22 21:53:49 [INFO] - No active profile set, falling back to default profiles: default
2021-07-22 21:53:49 [INFO] - Refreshing org.springframework.web.context.support.GenericWebApplicationContext@89c10b7: startup date [Thu Jul 22 21:53:49 CST 2021]; root of context hierarchy
2021-07-22 21:53:49 [INFO] - HV000001: Hibernate Validator 5.2.4.Final
2021-07-22 22:01:18 [INFO] - Neither @ContextConfiguration nor @ContextHierarchy found for test class [org.finance.quant.digital.test.StrategyTest], using SpringBootContextLoader
2021-07-22 22:01:18 [INFO] - Could not detect default resource locations for test class [org.finance.quant.digital.test.StrategyTest]: no resource found for suffixes {-context.xml, Context.groovy}.
2021-07-22 22:01:18 [INFO] - Could not detect default configuration classes for test class [org.finance.quant.digital.test.StrategyTest]: StrategyTest does not declare any static, non-private, non-final, nested classes annotated with @Configuration.
2021-07-22 22:01:19 [INFO] - Found @SpringBootConfiguration org.finance.quant.digital.BootstrapApplication for test class org.finance.quant.digital.test.StrategyTest
2021-07-22 22:01:19 [INFO] - Loaded default TestExecutionListener class names from location [META-INF/spring.factories]: [org.springframework.boot.test.mock.mockito.MockitoTestExecutionListener, org.springframework.boot.test.mock.mockito.ResetMocksTestExecutionListener, org.springframework.boot.test.autoconfigure.restdocs.RestDocsTestExecutionListener, org.springframework.boot.test.autoconfigure.web.client.MockRestServiceServerResetTestExecutionListener, org.springframework.boot.test.autoconfigure.web.servlet.MockMvcPrintOnlyOnFailureTestExecutionListener, org.springframework.boot.test.autoconfigure.web.servlet.WebDriverTestExecutionListener, org.springframework.test.context.web.ServletTestExecutionListener, org.springframework.test.context.support.DirtiesContextBeforeModesTestExecutionListener, org.springframework.test.context.support.DependencyInjectionTestExecutionListener, org.springframework.test.context.support.DirtiesContextTestExecutionListener, org.springframework.test.context.transaction.TransactionalTestExecutionListener, org.springframework.test.context.jdbc.SqlScriptsTestExecutionListener]
2021-07-22 22:01:19 [INFO] - Could not instantiate TestExecutionListener [org.springframework.test.context.transaction.TransactionalTestExecutionListener]. Specify custom listener classes or make the default listener classes (and their required dependencies) available. Offending class: [org/springframework/transaction/interceptor/TransactionAttributeSource]
2021-07-22 22:01:19 [INFO] - Could not instantiate TestExecutionListener [org.springframework.test.context.jdbc.SqlScriptsTestExecutionListener]. Specify custom listener classes or make the default listener classes (and their required dependencies) available. Offending class: [org/springframework/transaction/interceptor/TransactionAttribute]
2021-07-22 22:01:19 [INFO] - Using TestExecutionListeners: [org.springframework.test.context.web.ServletTestExecutionListener@1817d444, org.springframework.test.context.support.DirtiesContextBeforeModesTestExecutionListener@6ca8564a, org.springframework.boot.test.autoconfigure.SpringBootDependencyInjectionTestExecutionListener@50b472aa, org.springframework.test.context.support.DirtiesContextTestExecutionListener@31368b99, org.springframework.boot.test.autoconfigure.restdocs.RestDocsTestExecutionListener@1725dc0f, org.springframework.boot.test.mock.mockito.MockitoTestExecutionListener@3911c2a7, org.springframework.boot.test.autoconfigure.web.servlet.WebDriverTestExecutionListener@4ac3c60d, org.springframework.boot.test.autoconfigure.web.client.MockRestServiceServerResetTestExecutionListener@4facf68f, org.springframework.boot.test.autoconfigure.web.servlet.MockMvcPrintOnlyOnFailureTestExecutionListener@76508ed1, org.springframework.boot.test.mock.mockito.ResetMocksTestExecutionListener@41e36e46]
2021-07-22 22:01:20 [INFO] - Starting StrategyTest on C02VL1ANG8WN.local with PID 12612 (started by hanqing.zf in /Users/hanqing.zf/Desktop/github/finance_quant_digital)
2021-07-22 22:01:20 [INFO] - No active profile set, falling back to default profiles: default
2021-07-22 22:01:20 [INFO] - Refreshing org.springframework.web.context.support.GenericWebApplicationContext@46d59067: startup date [Thu Jul 22 22:01:20 CST 2021]; root of context hierarchy
2021-07-22 22:01:20 [INFO] - HV000001: Hibernate Validator 5.2.4.Final
2021-07-22 22:03:11 [INFO] - Neither @ContextConfiguration nor @ContextHierarchy found for test class [org.finance.quant.digital.test.StrategyTest], using SpringBootContextLoader
2021-07-22 22:03:11 [INFO] - Could not detect default resource locations for test class [org.finance.quant.digital.test.StrategyTest]: no resource found for suffixes {-context.xml, Context.groovy}.
2021-07-22 22:03:11 [INFO] - Could not detect default configuration classes for test class [org.finance.quant.digital.test.StrategyTest]: StrategyTest does not declare any static, non-private, non-final, nested classes annotated with @Configuration.
2021-07-22 22:03:11 [INFO] - Found @SpringBootConfiguration org.finance.quant.digital.BootstrapApplication for test class org.finance.quant.digital.test.StrategyTest
2021-07-22 22:03:11 [INFO] - Loaded default TestExecutionListener class names from location [META-INF/spring.factories]: [org.springframework.boot.test.mock.mockito.MockitoTestExecutionListener, org.springframework.boot.test.mock.mockito.ResetMocksTestExecutionListener, org.springframework.boot.test.autoconfigure.restdocs.RestDocsTestExecutionListener, org.springframework.boot.test.autoconfigure.web.client.MockRestServiceServerResetTestExecutionListener, org.springframework.boot.test.autoconfigure.web.servlet.MockMvcPrintOnlyOnFailureTestExecutionListener, org.springframework.boot.test.autoconfigure.web.servlet.WebDriverTestExecutionListener, org.springframework.test.context.web.ServletTestExecutionListener, org.springframework.test.context.support.DirtiesContextBeforeModesTestExecutionListener, org.springframework.test.context.support.DependencyInjectionTestExecutionListener, org.springframework.test.context.support.DirtiesContextTestExecutionListener, org.springframework.test.context.transaction.TransactionalTestExecutionListener, org.springframework.test.context.jdbc.SqlScriptsTestExecutionListener]
2021-07-22 22:03:11 [INFO] - Could not instantiate TestExecutionListener [org.springframework.test.context.transaction.TransactionalTestExecutionListener]. Specify custom listener classes or make the default listener classes (and their required dependencies) available. Offending class: [org/springframework/transaction/interceptor/TransactionAttributeSource]
2021-07-22 22:03:11 [INFO] - Could not instantiate TestExecutionListener [org.springframework.test.context.jdbc.SqlScriptsTestExecutionListener]. Specify custom listener classes or make the default listener classes (and their required dependencies) available. Offending class: [org/springframework/transaction/interceptor/TransactionAttribute]
2021-07-22 22:03:11 [INFO] - Using TestExecutionListeners: [org.springframework.test.context.web.ServletTestExecutionListener@1672fe87, org.springframework.test.context.support.DirtiesContextBeforeModesTestExecutionListener@5026735c, org.springframework.boot.test.autoconfigure.SpringBootDependencyInjectionTestExecutionListener@1b45c0e, org.springframework.test.context.support.DirtiesContextTestExecutionListener@11f0a5a1, org.springframework.boot.test.autoconfigure.restdocs.RestDocsTestExecutionListener@10f7f7de, org.springframework.boot.test.autoconfigure.web.client.MockRestServiceServerResetTestExecutionListener@73a8da0f, org.springframework.boot.test.autoconfigure.web.servlet.WebDriverTestExecutionListener@50dfbc58, org.springframework.boot.test.autoconfigure.web.servlet.MockMvcPrintOnlyOnFailureTestExecutionListener@4416d64f, org.springframework.boot.test.mock.mockito.MockitoTestExecutionListener@6bf08014, org.springframework.boot.test.mock.mockito.ResetMocksTestExecutionListener@5e3d57c7]
2021-07-22 22:03:12 [INFO] - Starting StrategyTest on C02VL1ANG8WN.local with PID 12650 (started by hanqing.zf in /Users/hanqing.zf/Desktop/github/finance_quant_digital)
2021-07-22 22:03:12 [INFO] - No active profile set, falling back to default profiles: default
2021-07-22 22:03:12 [INFO] - Refreshing org.springframework.web.context.support.GenericWebApplicationContext@89c10b7: startup date [Thu Jul 22 22:03:12 CST 2021]; root of context hierarchy
2021-07-22 22:03:12 [INFO] - HV000001: Hibernate Validator 5.2.4.Final
2021-07-22 22:03:18 [INFO] - candlestick:{"close":"32027.94000000","closeTime":1626965999999,"high":"32105.35000000","low":"32025.16000000","numberOfTrades":2561,"open":"32070.33000000","openTime":1626962400000,"quoteAssetVolume":"2297699.63754914","takerBuyBaseAssetVolume":"31.51045700","takerBuyQuoteAssetVolume":"1010671.73080303","volume":"71.65234400"}
2021-07-22 22:03:28 [INFO] - candlestick:{"close":"32035.00000000","closeTime":1626965999999,"high":"32105.35000000","low":"32025.16000000","numberOfTrades":2714,"open":"32070.33000000","openTime":1626962400000,"quoteAssetVolume":"2348132.38692688","takerBuyBaseAssetVolume":"32.55172900","takerBuyQuoteAssetVolume":"1044025.28824826","volume":"73.22681300"}
2021-07-22 22:03:38 [INFO] - candlestick:{"close":"32031.33000000","closeTime":1626965999999,"high":"32105.35000000","low":"32025.16000000","numberOfTrades":2808,"open":"32070.33000000","openTime":1626962400000,"quoteAssetVolume":"2436117.63375085","takerBuyBaseAssetVolume":"33.84561100","takerBuyQuoteAssetVolume":"1085473.63911871","volume":"75.97347400"}
2021-07-22 22:03:49 [INFO] - candlestick:{"close":"32028.12000000","closeTime":1626965999999,"high":"32105.35000000","low":"32025.16000000","numberOfTrades":2925,"open":"32070.33000000","openTime":1626962400000,"quoteAssetVolume":"2634313.89519634","takerBuyBaseAssetVolume":"37.52906200","takerBuyQuoteAssetVolume":"1203444.69440809","volume":"82.16149800"}
2021-07-22 22:05:42 [INFO] - Neither @ContextConfiguration nor @ContextHierarchy found for test class [org.finance.quant.digital.test.StrategyTest], using SpringBootContextLoader
2021-07-22 22:05:42 [INFO] - Could not detect default resource locations for test class [org.finance.quant.digital.test.StrategyTest]: no resource found for suffixes {-context.xml, Context.groovy}.
2021-07-22 22:05:42 [INFO] - Could not detect default configuration classes for test class [org.finance.quant.digital.test.StrategyTest]: StrategyTest does not declare any static, non-private, non-final, nested classes annotated with @Configuration.
2021-07-22 22:05:42 [INFO] - Found @SpringBootConfiguration org.finance.quant.digital.BootstrapApplication for test class org.finance.quant.digital.test.StrategyTest
2021-07-22 22:05:42 [INFO] - Loaded default TestExecutionListener class names from location [META-INF/spring.factories]: [org.springframework.boot.test.mock.mockito.MockitoTestExecutionListener, org.springframework.boot.test.mock.mockito.ResetMocksTestExecutionListener, org.springframework.boot.test.autoconfigure.restdocs.RestDocsTestExecutionListener, org.springframework.boot.test.autoconfigure.web.client.MockRestServiceServerResetTestExecutionListener, org.springframework.boot.test.autoconfigure.web.servlet.MockMvcPrintOnlyOnFailureTestExecutionListener, org.springframework.boot.test.autoconfigure.web.servlet.WebDriverTestExecutionListener, org.springframework.test.context.web.ServletTestExecutionListener, org.springframework.test.context.support.DirtiesContextBeforeModesTestExecutionListener, org.springframework.test.context.support.DependencyInjectionTestExecutionListener, org.springframework.test.context.support.DirtiesContextTestExecutionListener, org.springframework.test.context.transaction.TransactionalTestExecutionListener, org.springframework.test.context.jdbc.SqlScriptsTestExecutionListener]
2021-07-22 22:05:42 [INFO] - Could not instantiate TestExecutionListener [org.springframework.test.context.transaction.TransactionalTestExecutionListener]. Specify custom listener classes or make the default listener classes (and their required dependencies) available. Offending class: [org/springframework/transaction/interceptor/TransactionAttributeSource]
2021-07-22 22:05:42 [INFO] - Could not instantiate TestExecutionListener [org.springframework.test.context.jdbc.SqlScriptsTestExecutionListener]. Specify custom listener classes or make the default listener classes (and their required dependencies) available. Offending class: [org/springframework/transaction/interceptor/TransactionAttribute]
2021-07-22 22:05:42 [INFO] - Using TestExecutionListeners: [org.springframework.test.context.web.ServletTestExecutionListener@6ca8564a, org.springframework.test.context.support.DirtiesContextBeforeModesTestExecutionListener@50b472aa, org.springframework.boot.test.autoconfigure.SpringBootDependencyInjectionTestExecutionListener@31368b99, org.springframework.test.context.support.DirtiesContextTestExecutionListener@1725dc0f, org.springframework.boot.test.autoconfigure.web.client.MockRestServiceServerResetTestExecutionListener@3911c2a7, org.springframework.boot.test.autoconfigure.web.servlet.MockMvcPrintOnlyOnFailureTestExecutionListener@4ac3c60d, org.springframework.boot.test.mock.mockito.ResetMocksTestExecutionListener@4facf68f, org.springframework.boot.test.autoconfigure.web.servlet.WebDriverTestExecutionListener@76508ed1, org.springframework.boot.test.mock.mockito.MockitoTestExecutionListener@41e36e46, org.springframework.boot.test.autoconfigure.restdocs.RestDocsTestExecutionListener@15c43bd9]
2021-07-22 22:05:43 [INFO] - Starting StrategyTest on C02VL1ANG8WN.local with PID 12707 (started by hanqing.zf in /Users/hanqing.zf/Desktop/github/finance_quant_digital)
2021-07-22 22:05:43 [INFO] - No active profile set, falling back to default profiles: default
2021-07-22 22:05:43 [INFO] - Refreshing org.springframework.web.context.support.GenericWebApplicationContext@2d0399f4: startup date [Thu Jul 22 22:05:43 CST 2021]; root of context hierarchy
2021-07-22 22:05:43 [INFO] - HV000001: Hibernate Validator 5.2.4.Final
2021-07-22 22:05:45 [INFO] - [2021-07-22 22:59:59]candlestick:{"close":"32046.65000000","closeTime":1626965999999,"high":"32105.35000000","low":"32025.16000000","numberOfTrades":4295,"open":"32070.33000000","openTime":1626962400000,"quoteAssetVolume":"3540718.24533266","takerBuyBaseAssetVolume":"55.80957600","takerBuyQuoteAssetVolume":"1789180.15803554","volume":"110.44942800"}
2021-07-22 22:05:56 [INFO] - [2021-07-22 22:59:59]candlestick:{"close":"32047.37000000","closeTime":1626965999999,"high":"32105.35000000","low":"32025.16000000","numberOfTrades":4350,"open":"32070.33000000","openTime":1626962400000,"quoteAssetVolume":"3600564.07065921","takerBuyBaseAssetVolume":"56.33584500","takerBuyQuoteAssetVolume":"1806045.18677165","volume":"112.31693600"}
2021-07-22 22:06:06 [INFO] - [2021-07-22 22:59:59]candlestick:{"close":"32048.57000000","closeTime":1626965999999,"high":"32105.35000000","low":"32025.16000000","numberOfTrades":4508,"open":"32070.33000000","openTime":1626962400000,"quoteAssetVolume":"3726428.29826135","takerBuyBaseAssetVolume":"59.71370600","takerBuyQuoteAssetVolume":"1914300.08543739","volume":"116.24427500"}
2021-07-22 22:06:17 [INFO] - [2021-07-22 22:59:59]candlestick:{"close":"32038.68000000","closeTime":1626965999999,"high":"32105.35000000","low":"32025.16000000","numberOfTrades":4691,"open":"32070.33000000","openTime":1626962400000,"quoteAssetVolume":"4027907.21288989","takerBuyBaseAssetVolume":"60.00535500","takerBuyQuoteAssetVolume":"1923643.41093182","volume":"125.65299600"}
2021-07-22 22:06:27 [INFO] - [2021-07-22 22:59:59]candlestick:{"close":"32038.40000000","closeTime":1626965999999,"high":"32105.35000000","low":"32025.16000000","numberOfTrades":4838,"open":"32070.33000000","openTime":1626962400000,"quoteAssetVolume":"4151627.53241952","takerBuyBaseAssetVolume":"61.33009100","takerBuyQuoteAssetVolume":"1966075.02099544","volume":"129.51552200"}
2021-07-22 22:06:37 [INFO] - [2021-07-22 22:59:59]candlestick:{"close":"32034.61000000","closeTime":1626965999999,"high":"32105.35000000","low":"32025.16000000","numberOfTrades":4932,"open":"32070.33000000","openTime":1626962400000,"quoteAssetVolume":"4250870.76025789","takerBuyBaseAssetVolume":"63.09095600","takerBuyQuoteAssetVolume":"2022481.62128301","volume":"132.61361500"}
2021-07-22 22:06:44 [INFO] - Neither @ContextConfiguration nor @ContextHierarchy found for test class [org.finance.quant.digital.test.StrategyTest], using SpringBootContextLoader
2021-07-22 22:06:44 [INFO] - Could not detect default resource locations for test class [org.finance.quant.digital.test.StrategyTest]: no resource found for suffixes {-context.xml, Context.groovy}.
2021-07-22 22:06:44 [INFO] - Could not detect default configuration classes for test class [org.finance.quant.digital.test.StrategyTest]: StrategyTest does not declare any static, non-private, non-final, nested classes annotated with @Configuration.
2021-07-22 22:06:44 [INFO] - Found @SpringBootConfiguration org.finance.quant.digital.BootstrapApplication for test class org.finance.quant.digital.test.StrategyTest
2021-07-22 22:06:44 [INFO] - Loaded default TestExecutionListener class names from location [META-INF/spring.factories]: [org.springframework.boot.test.mock.mockito.MockitoTestExecutionListener, org.springframework.boot.test.mock.mockito.ResetMocksTestExecutionListener, org.springframework.boot.test.autoconfigure.restdocs.RestDocsTestExecutionListener, org.springframework.boot.test.autoconfigure.web.client.MockRestServiceServerResetTestExecutionListener, org.springframework.boot.test.autoconfigure.web.servlet.MockMvcPrintOnlyOnFailureTestExecutionListener, org.springframework.boot.test.autoconfigure.web.servlet.WebDriverTestExecutionListener, org.springframework.test.context.web.ServletTestExecutionListener, org.springframework.test.context.support.DirtiesContextBeforeModesTestExecutionListener, org.springframework.test.context.support.DependencyInjectionTestExecutionListener, org.springframework.test.context.support.DirtiesContextTestExecutionListener, org.springframework.test.context.transaction.TransactionalTestExecutionListener, org.springframework.test.context.jdbc.SqlScriptsTestExecutionListener]
2021-07-22 22:06:44 [INFO] - Could not instantiate TestExecutionListener [org.springframework.test.context.transaction.TransactionalTestExecutionListener]. Specify custom listener classes or make the default listener classes (and their required dependencies) available. Offending class: [org/springframework/transaction/interceptor/TransactionAttributeSource]
2021-07-22 22:06:44 [INFO] - Could not instantiate TestExecutionListener [org.springframework.test.context.jdbc.SqlScriptsTestExecutionListener]. Specify custom listener classes or make the default listener classes (and their required dependencies) available. Offending class: [org/springframework/transaction/interceptor/TransactionAttribute]
2021-07-22 22:06:44 [INFO] - Using TestExecutionListeners: [org.springframework.test.context.web.ServletTestExecutionListener@1672fe87, org.springframework.test.context.support.DirtiesContextBeforeModesTestExecutionListener@5026735c, org.springframework.boot.test.autoconfigure.SpringBootDependencyInjectionTestExecutionListener@1b45c0e, org.springframework.test.context.support.DirtiesContextTestExecutionListener@11f0a5a1, org.springframework.boot.test.autoconfigure.restdocs.RestDocsTestExecutionListener@10f7f7de, org.springframework.boot.test.autoconfigure.web.client.MockRestServiceServerResetTestExecutionListener@73a8da0f, org.springframework.boot.test.autoconfigure.web.servlet.WebDriverTestExecutionListener@50dfbc58, org.springframework.boot.test.autoconfigure.web.servlet.MockMvcPrintOnlyOnFailureTestExecutionListener@4416d64f, org.springframework.boot.test.mock.mockito.MockitoTestExecutionListener@6bf08014, org.springframework.boot.test.mock.mockito.ResetMocksTestExecutionListener@5e3d57c7]
2021-07-22 22:06:45 [INFO] - Starting StrategyTest on C02VL1ANG8WN.local with PID 12721 (started by hanqing.zf in /Users/hanqing.zf/Desktop/github/finance_quant_digital)
2021-07-22 22:06:45 [INFO] - No active profile set, falling back to default profiles: default
2021-07-22 22:06:45 [INFO] - Refreshing org.springframework.web.context.support.GenericWebApplicationContext@89c10b7: startup date [Thu Jul 22 22:06:45 CST 2021]; root of context hierarchy
2021-07-22 22:06:45 [INFO] - HV000001: Hibernate Validator 5.2.4.Final
2021-07-22 22:07:27 [INFO] - Neither @ContextConfiguration nor @ContextHierarchy found for test class [org.finance.quant.digital.test.StrategyTest], using SpringBootContextLoader
2021-07-22 22:07:27 [INFO] - Could not detect default resource locations for test class [org.finance.quant.digital.test.StrategyTest]: no resource found for suffixes {-context.xml, Context.groovy}.
2021-07-22 22:07:27 [INFO] - Could not detect default configuration classes for test class [org.finance.quant.digital.test.StrategyTest]: StrategyTest does not declare any static, non-private, non-final, nested classes annotated with @Configuration.
2021-07-22 22:07:28 [INFO] - Found @SpringBootConfiguration org.finance.quant.digital.BootstrapApplication for test class org.finance.quant.digital.test.StrategyTest
2021-07-22 22:07:28 [INFO] - Loaded default TestExecutionListener class names from location [META-INF/spring.factories]: [org.springframework.boot.test.mock.mockito.MockitoTestExecutionListener, org.springframework.boot.test.mock.mockito.ResetMocksTestExecutionListener, org.springframework.boot.test.autoconfigure.restdocs.RestDocsTestExecutionListener, org.springframework.boot.test.autoconfigure.web.client.MockRestServiceServerResetTestExecutionListener, org.springframework.boot.test.autoconfigure.web.servlet.MockMvcPrintOnlyOnFailureTestExecutionListener, org.springframework.boot.test.autoconfigure.web.servlet.WebDriverTestExecutionListener, org.springframework.test.context.web.ServletTestExecutionListener, org.springframework.test.context.support.DirtiesContextBeforeModesTestExecutionListener, org.springframework.test.context.support.DependencyInjectionTestExecutionListener, org.springframework.test.context.support.DirtiesContextTestExecutionListener, org.springframework.test.context.transaction.TransactionalTestExecutionListener, org.springframework.test.context.jdbc.SqlScriptsTestExecutionListener]
2021-07-22 22:07:28 [INFO] - Could not instantiate TestExecutionListener [org.springframework.test.context.transaction.TransactionalTestExecutionListener]. Specify custom listener classes or make the default listener classes (and their required dependencies) available. Offending class: [org/springframework/transaction/interceptor/TransactionAttributeSource]
2021-07-22 22:07:28 [INFO] - Could not instantiate TestExecutionListener [org.springframework.test.context.jdbc.SqlScriptsTestExecutionListener]. Specify custom listener classes or make the default listener classes (and their required dependencies) available. Offending class: [org/springframework/transaction/interceptor/TransactionAttribute]
2021-07-22 22:07:28 [INFO] - Using TestExecutionListeners: [org.springframework.test.context.web.ServletTestExecutionListener@1672fe87, org.springframework.test.context.support.DirtiesContextBeforeModesTestExecutionListener@5026735c, org.springframework.boot.test.autoconfigure.SpringBootDependencyInjectionTestExecutionListener@1b45c0e, org.springframework.test.context.support.DirtiesContextTestExecutionListener@11f0a5a1, org.springframework.boot.test.autoconfigure.restdocs.RestDocsTestExecutionListener@10f7f7de, org.springframework.boot.test.autoconfigure.web.client.MockRestServiceServerResetTestExecutionListener@73a8da0f, org.springframework.boot.test.autoconfigure.web.servlet.WebDriverTestExecutionListener@50dfbc58, org.springframework.boot.test.autoconfigure.web.servlet.MockMvcPrintOnlyOnFailureTestExecutionListener@4416d64f, org.springframework.boot.test.mock.mockito.MockitoTestExecutionListener@6bf08014, org.springframework.boot.test.mock.mockito.ResetMocksTestExecutionListener@5e3d57c7]
2021-07-22 22:07:28 [INFO] - Starting StrategyTest on C02VL1ANG8WN.local with PID 12752 (started by hanqing.zf in /Users/hanqing.zf/Desktop/github/finance_quant_digital)
2021-07-22 22:07:28 [INFO] - No active profile set, falling back to default profiles: default
2021-07-22 22:07:28 [INFO] - Refreshing org.springframework.web.context.support.GenericWebApplicationContext@89c10b7: startup date [Thu Jul 22 22:07:28 CST 2021]; root of context hierarchy
2021-07-22 22:07:29 [INFO] - HV000001: Hibernate Validator 5.2.4.Final
2021-07-22 22:07:31 [INFO] - [2021-07-22 22:00:00]candlestick:{"close":"32071.13000000","closeTime":1626965999999,"high":"32105.35000000","low":"32025.16000000","numberOfTrades":5915,"open":"32070.33000000","openTime":1626962400000,"quoteAssetVolume":"4738732.42145684","takerBuyBaseAssetVolume":"71.73613900","takerBuyQuoteAssetVolume":"2299546.39459194","volume":"147.83575300"}
2021-07-22 22:07:42 [INFO] - [2021-07-22 22:00:00]candlestick:{"close":"32055.64000000","closeTime":1626965999999,"high":"32105.35000000","low":"32025.16000000","numberOfTrades":6000,"open":"32070.33000000","openTime":1626962400000,"quoteAssetVolume":"4811548.97987703","takerBuyBaseAssetVolume":"72.38863500","takerBuyQuoteAssetVolume":"2320465.43150894","volume":"150.10703300"}
2021-07-22 22:07:52 [INFO] - [2021-07-22 22:00:00]candlestick:{"close":"32062.10000000","closeTime":1626965999999,"high":"32105.35000000","low":"32025.16000000","numberOfTrades":6057,"open":"32070.33000000","openTime":1626962400000,"quoteAssetVolume":"4848024.18428984","takerBuyBaseAssetVolume":"72.81401400","takerBuyQuoteAssetVolume":"2334102.54204792","volume":"151.24481800"}
2021-07-22 22:08:02 [INFO] - [2021-07-22 22:00:00]candlestick:{"close":"32046.47000000","closeTime":1626965999999,"high":"32105.35000000","low":"32025.16000000","numberOfTrades":6205,"open":"32070.33000000","openTime":1626962400000,"quoteAssetVolume":"4953921.14534323","takerBuyBaseAssetVolume":"73.93427100","takerBuyQuoteAssetVolume":"2370012.18056022","volume":"154.54813900"}
2021-07-22 22:08:13 [INFO] - [2021-07-22 22:00:00]candlestick:{"close":"32056.47000000","closeTime":1626965999999,"high":"32105.35000000","low":"32025.16000000","numberOfTrades":6634,"open":"32070.33000000","openTime":1626962400000,"quoteAssetVolume":"5036869.07114466","takerBuyBaseAssetVolume":"74.86512300","takerBuyQuoteAssetVolume":"2399844.35301882","volume":"157.13624800"}
2021-07-22 22:08:23 [INFO] - [2021-07-22 22:00:00]candlestick:{"close":"32056.46000000","closeTime":1626965999999,"high":"32105.35000000","low":"32025.16000000","numberOfTrades":6705,"open":"32070.33000000","openTime":1626962400000,"quoteAssetVolume":"5062468.30276391","takerBuyBaseAssetVolume":"75.13921000","takerBuyQuoteAssetVolume":"2408630.60977031","volume":"157.93481500"}
2021-07-22 22:08:33 [INFO] - [2021-07-22 22:00:00]candlestick:{"close":"32058.53000000","closeTime":1626965999999,"high":"32105.35000000","low":"32025.16000000","numberOfTrades":6820,"open":"32070.33000000","openTime":1626962400000,"quoteAssetVolume":"5114485.52856678","takerBuyBaseAssetVolume":"76.31536700","takerBuyQuoteAssetVolume":"2446336.21895409","volume":"159.55739700"}
2021-07-22 22:08:44 [INFO] - [2021-07-22 22:00:00]candlestick:{"close":"32058.80000000","closeTime":1626965999999,"high":"32105.35000000","low":"32025.16000000","numberOfTrades":6904,"open":"32070.33000000","openTime":1626962400000,"quoteAssetVolume":"5126763.91989358","takerBuyBaseAssetVolume":"76.48770700","takerBuyQuoteAssetVolume":"2451861.20368401","volume":"159.94039500"}
2021-07-22 22:08:54 [INFO] - [2021-07-22 22:00:00]candlestick:{"close":"32059.99000000","closeTime":1626965999999,"high":"32105.35000000","low":"32025.16000000","numberOfTrades":6974,"open":"32070.33000000","openTime":1626962400000,"quoteAssetVolume":"5148630.14179533","takerBuyBaseAssetVolume":"76.92996400","takerBuyQuoteAssetVolume":"2466039.63679570","volume":"160.62244600"}
